\BOOKMARK [0][-]{chapter.1}{\376\377\000B\000e\000v\000e\000z\000e\000t\000\351\000s}{}% 1
\BOOKMARK [1][-]{section.1.1}{\376\377\000M\000o\000t\000i\000v\000\341\000c\000i\000\363}{chapter.1}% 2
\BOOKMARK [0][-]{chapter.2}{\376\377\000F\001\121\000\040\000f\000u\000n\000k\000c\000i\000\363\000k\000\040\000b\000e\000m\000u\000t\000a\000t\000\341\000s\000a}{}% 3
\BOOKMARK [1][-]{section.2.1}{\376\377\000A\000\040\000f\000e\000l\000h\000a\000s\000z\000n\000\341\000l\000\363\000k\000\040\000k\000e\000z\000e\000l\000\351\000s\000e}{chapter.2}% 4
\BOOKMARK [2][-]{subsection.2.1.1}{\376\377\000r\000e\000g\000i\000s\000z\000t\000r\000\341\000c\000i\000\363}{section.2.1}% 5
\BOOKMARK [2][-]{subsection.2.1.2}{\376\377\000b\000e\000j\000e\000l\000e\000n\000t\000k\000e\000z\000\351\000s\000,\000\040\000k\000i\000j\000e\000l\000e\000n\000t\000k\000e\000z\000\351\000s}{section.2.1}% 6
\BOOKMARK [2][-]{subsection.2.1.3}{\376\377\000a\000u\000t\000o\000r\000i\000z\000\341\000c\000i\000\363}{section.2.1}% 7
\BOOKMARK [1][-]{section.2.2}{\376\377\000E\000s\000e\000m\000\351\000n\000y\000e\000k\000\040\000k\000e\000z\000e\000l\000\351\000s\000e}{chapter.2}% 8
\BOOKMARK [2][-]{subsection.2.2.1}{\376\377\000l\000\351\000t\000r\000e\000h\000o\000z\000\341\000s}{section.2.2}% 9
\BOOKMARK [2][-]{subsection.2.2.2}{\376\377\000c\000s\000a\000t\000l\000a\000k\000o\000z\000\341\000s}{section.2.2}% 10
\BOOKMARK [2][-]{subsection.2.2.3}{\376\377\000e\000x\000t\000r\000a\000\040\000m\000e\000z\001\121\000k}{section.2.2}% 11
\BOOKMARK [2][-]{subsection.2.2.4}{\376\377\000e\000s\000e\000m\000\351\000n\000y\000s\000\351\000m\000\341\000k\000\040\000h\000a\000s\000z\000n\000\341\000l\000a\000t\000a}{section.2.2}% 12
\BOOKMARK [2][-]{subsection.2.2.5}{\376\377\000e\000s\000e\000m\000\351\000n\000y\000\040\000a\000d\000a\000t\000a\000i\000n\000a\000k\000\040\000v\000\351\000g\000l\000e\000g\000e\000s\000\355\000t\000\351\000s\000e}{section.2.2}% 13
\BOOKMARK [1][-]{section.2.3}{\376\377\000N\000a\000p\000t\000\341\000r\000a\000k\000\040\000k\000e\000z\000e\000l\000\351\000s\000e}{chapter.2}% 14
\BOOKMARK [2][-]{subsection.2.3.1}{\376\377\000l\000\351\000t\000r\000e\000h\000o\000z\000\341\000s}{section.2.3}% 15
\BOOKMARK [2][-]{subsection.2.3.2}{\376\377\000s\000z\000e\000r\000k\000e\000s\000z\000t\000\351\000s}{section.2.3}% 16
\BOOKMARK [2][-]{subsection.2.3.3}{\376\377\000v\000\351\000l\000e\000m\000\351\000n\000y\000\040\000m\000e\000g\000a\000d\000\341\000s\000a}{section.2.3}% 17
\BOOKMARK [2][-]{subsection.2.3.4}{\376\377\000s\000t\000a\000t\000i\000s\000z\000t\000i\000k\000\341\000k\000\040\000m\000e\000g\000t\000e\000k\000i\000n\000t\000\351\000s\000e}{section.2.3}% 18
\BOOKMARK [2][-]{subsection.2.3.5}{\376\377\000i\000d\001\121\000z\000\363\000n\000\341\000k\000\040\000k\000e\000z\000e\000l\000\351\000s\000e}{section.2.3}% 19
\BOOKMARK [0][-]{chapter.3}{\376\377\000F\000e\000l\000h\000a\000s\000z\000n\000\341\000l\000t\000\040\000t\000e\000c\000h\000n\000o\000l\000\363\000g\000i\000\341\000k}{}% 20
\BOOKMARK [1][-]{section.3.1}{\376\377\000S\000p\000r\000i\000n\000g\000\040\000B\000o\000o\000t}{chapter.3}% 21
\BOOKMARK [2][-]{subsection.3.1.1}{\376\377\000J\000a\000k\000a\000r\000t\000a\000\040\000P\000e\000r\000s\000i\000s\000t\000e\000n\000c\000e\000\040\000A\000P\000I\000\040\000H\000i\000b\000e\000r\000n\000a\000t\000e\000\040\000O\000R\000M\000-\000e\000l}{section.3.1}% 22
\BOOKMARK [2][-]{subsection.3.1.2}{\376\377\000H\0002\000\040\000I\000n\000-\000m\000e\000m\000o\000r\000y\000\040\000D\000B}{section.3.1}% 23
\BOOKMARK [1][-]{section.3.2}{\376\377\000M\000a\000r\000i\000a\000D\000B}{chapter.3}% 24
\BOOKMARK [1][-]{section.3.3}{\376\377\000A\000n\000g\000u\000l\000a\000r}{chapter.3}% 25
\BOOKMARK [2][-]{subsection.3.3.1}{\376\377\000A\000n\000g\000u\000l\000a\000r\000\040\000M\000a\000t\000e\000r\000i\000a\000l}{section.3.3}% 26
\BOOKMARK [2][-]{subsection.3.3.2}{\376\377\000R\000x\000J\000s}{section.3.3}% 27
\BOOKMARK [1][-]{section.3.4}{\376\377\000g\000i\000t}{chapter.3}% 28
\BOOKMARK [0][-]{chapter.4}{\376\377\000A\000z\000\040\000A\000P\000I\000\040\000f\000e\000j\000l\000e\000s\000z\000t\000\351\000s\000e}{}% 29
\BOOKMARK [1][-]{section.4.1}{\376\377\000A\000\040\000m\000o\000d\000e\000l\000\040\000r\000\351\000t\000e\000g}{chapter.4}% 30
\BOOKMARK [1][-]{section.4.2}{\376\377\000A\000\040\000s\000e\000r\000v\000i\000c\000e\000\040\000r\000\351\000t\000e\000g}{chapter.4}% 31
\BOOKMARK [1][-]{section.4.3}{\376\377\000C\000o\000n\000t\000r\000o\000l\000l\000e\000r\000\040\000r\000\351\000t\000e\000g}{chapter.4}% 32
\BOOKMARK [1][-]{section.4.4}{\376\377\000K\000i\000v\000\351\000t\000e\000l\000k\000e\000z\000e\000l\000\351\000s}{chapter.4}% 33
\BOOKMARK [1][-]{section.4.5}{\376\377\000T\000e\000s\000z\000t\000e\000l\000\351\000s}{chapter.4}% 34
\BOOKMARK [1][-]{section.4.6}{\376\377\000V\000\351\000d\000e\000l\000e\000m}{chapter.4}% 35
\BOOKMARK [2][-]{subsection.4.6.1}{\376\377\000C\000O\000R\000S}{section.4.6}% 36
\BOOKMARK [2][-]{subsection.4.6.2}{\376\377\000J\000s\000o\000n\000\040\000W\000e\000b\000\040\000T\000o\000k\000e\000n}{section.4.6}% 37
\BOOKMARK [0][-]{chapter.5}{\376\377\000A\000\040\000f\000r\000o\000n\000t\000e\000n\000d\000\040\000f\000e\000j\000l\000e\000s\000z\000t\000\351\000s\000e}{}% 38
\BOOKMARK [1][-]{section.5.1}{\376\377\000S\000e\000r\000v\000i\000c\000e\000\040\000r\000\351\000t\000e\000g}{chapter.5}% 39
\BOOKMARK [1][-]{section.5.2}{\376\377\000F\001\121\000\040\000k\000o\000m\000p\000o\000n\000e\000n\000s\000e\000k}{chapter.5}% 40
\BOOKMARK [2][-]{subsection.5.2.1}{\376\377\000D\000i\000a\000l\000\363\000g\000u\000s\000a\000b\000l\000a\000k}{section.5.2}% 41
\BOOKMARK [2][-]{subsection.5.2.2}{\376\377\000N\000a\000p\000t\000\341\000r\000f\000e\000l\000\374\000l\000e\000t}{section.5.2}% 42
\BOOKMARK [1][-]{section.5.3}{\376\377\000R\000o\000u\000t\000i\000n\000g}{chapter.5}% 43
\BOOKMARK [2][-]{subsection.5.3.1}{\376\377\000A\000u\000t\000h\000\040\000G\000u\000a\000r\000d\000-\000o\000k}{section.5.3}% 44
\BOOKMARK [1][-]{section.5.4}{\376\377\000U\000X}{chapter.5}% 45
\BOOKMARK [2][-]{subsection.5.4.1}{\376\377\000C\000a\000n\000v\000a\000s\000\040\000A\000n\000g\000u\000l\000a\000r\000b\000a\000n}{section.5.4}% 46
\BOOKMARK [1][-]{section.5.5}{\376\377\000A\000s\000z\000i\000n\000k\000r\000o\000n\000\040\000p\000r\000o\000g\000r\000a\000m\000o\000z\000\341\000s\000i\000\040\000m\000e\000g\000o\000l\000d\000\341\000s\000o\000k}{chapter.5}% 47
\BOOKMARK [0][-]{chapter.6}{\376\377\000T\000o\000v\000\341\000b\000b\000f\000e\000j\000l\000e\000s\000z\000t\000\351\000s\000i\000\040\000l\000e\000h\000e\000t\001\121\000s\000\351\000g\000e\000k}{}% 48
\BOOKMARK [0][-]{chapter.7}{\376\377\000\326\000s\000s\000z\000e\000f\000o\000g\000l\000a\000l\000\341\000s\000\040\000a\000z\000\040\000e\000r\000e\000d\000m\000\351\000n\000y\000e\000k\000r\001\121\000l}{}% 49
\BOOKMARK [1][-]{section.7.1}{\376\377\000T\000\341\000b\000l\000\341\000z\000a\000t\000o\000k\000,\000\040\000k\000\351\000p\000l\000e\000t\000e\000k\000,\000\040\000e\000g\000y\000\351\000b\000\040\000\351\000r\000t\000\351\000s\000s\000e\000g\000\355\000t\001\121\000k}{chapter.7}% 50
\BOOKMARK [0][-]{chapter.8}{\376\377\000\326\000s\000s\000z\000e\000f\000o\000g\000l\000a\000l\000\341\000s}{}% 51
\BOOKMARK [0][-]{chapter*.2}{\376\377\000I\000r\000o\000d\000a\000l\000o\000m\000j\000e\000g\000y\000z\000\351\000k}{}% 52
\BOOKMARK [0][-]{Item.4}{\376\377\000K\000\366\000s\000z\000\366\000n\000e\000t\000n\000y\000i\000l\000v\000\341\000n\000\355\000t\000\341\000s}{}% 53
\BOOKMARK [0][-]{Item.4}{\376\377\000N\000y\000i\000l\000a\000t\000k\000o\000z\000a\000t}{}% 54
\BOOKMARK [0][-]{Item.4}{\376\377\000M\000e\000l\000l\000\351\000k\000l\000e\000t\000e\000k}{}% 55
